2022-12-08T16:43:35.766Z
cwd: /Users/kumar.thangavel/projects/hmpps-interventions-prototype
package: govuk-prototype-kit@13.0.1
argv: /opt/homebrew/Cellar/node/18.10.0/bin/node /Users/kumar.thangavel/.npm/_npx/ab0cb2c39bc0319f/node_modules/.bin/govuk-prototype-kit migrate
Started [Check migration is being applied to a pre v13 prototype]
Succeeded [Check migration is being applied to a pre v13 prototype]
2022-12-08T16:43:40.832Z
cwd: /Users/kumar.thangavel/projects/hmpps-interventions-prototype
package: govuk-prototype-kit@13.0.1
argv: /opt/homebrew/Cellar/node/18.10.0/bin/node /Users/kumar.thangavel/projects/hmpps-interventions-prototype/node_modules/.bin/govuk-prototype-kit migrate -- /Users/kumar.thangavel/projects/hmpps-interventions-prototype
Started [Migrate config.js to config.json]
Started [Update application SCSS file]
Started [Deleted files that are no longer needed]
Started [Deleted directories that are no longer needed]
Started [Delete /Users/kumar.thangavel/projects/hmpps-interventions-prototype/listen-on-port.js]
Started [Delete /Users/kumar.thangavel/projects/hmpps-interventions-prototype/server.js]
Started [Delete /Users/kumar.thangavel/projects/hmpps-interventions-prototype/start.js]
Started [Delete /Users/kumar.thangavel/projects/hmpps-interventions-prototype/gulpfile.js]
Started [Delete /Users/kumar.thangavel/projects/hmpps-interventions-prototype/VERSION.txt]
Started [Delete /Users/kumar.thangavel/projects/hmpps-interventions-prototype/Procfile]
Started [Delete /Users/kumar.thangavel/projects/hmpps-interventions-prototype/app/assets/sass/application-ie8.scss]
Started [Remove unused directory lib]
Started [Remove unused directory docs]
Started [Remove unused directory gulp]
Started [Delete /Users/kumar.thangavel/projects/hmpps-interventions-prototype/app/assets/sass/unbranded-ie8.scss]
Succeeded [Migrate config.js to config.json]
Started [Overwrite app/assets/javascripts/application.js]
Started [Overwrite app/filters.js]
Started [Overwrite app/views/layout.html]
Succeeded [Delete /Users/kumar.thangavel/projects/hmpps-interventions-prototype/listen-on-port.js]
Succeeded [Delete /Users/kumar.thangavel/projects/hmpps-interventions-prototype/start.js]
Succeeded [Delete /Users/kumar.thangavel/projects/hmpps-interventions-prototype/VERSION.txt]
Succeeded [Delete /Users/kumar.thangavel/projects/hmpps-interventions-prototype/Procfile]
Succeeded [Delete /Users/kumar.thangavel/projects/hmpps-interventions-prototype/app/assets/sass/application-ie8.scss]
Succeeded [Delete /Users/kumar.thangavel/projects/hmpps-interventions-prototype/server.js]
Succeeded [Delete /Users/kumar.thangavel/projects/hmpps-interventions-prototype/gulpfile.js]
Succeeded [Delete /Users/kumar.thangavel/projects/hmpps-interventions-prototype/app/assets/sass/unbranded-ie8.scss]
Failed [Overwrite app/assets/javascripts/application.js]
Failed [Overwrite app/filters.js]
Failed [Overwrite app/views/layout.html]
Started [Delete app/assets/images/unbranded.ico]
Started [Delete app/assets/images/separator.png]
Started [Delete app/assets/javascripts/auto-store-data.js]
Started [Delete app/assets/images/separator-2x.png]
Started [Delete app/assets/javascripts/jquery-1.11.3.js]
Started [Delete app/assets/sass/unbranded.scss]
Started [Delete app/views/includes/breadcrumb_examples.html]
Started [Delete app/views/layout_unbranded.html]
Started [Delete app/views/includes/cookie-banner.html]
Started [Delete app/assets/sass/patterns/_related-items.scss]
Started [Delete app/assets/sass/patterns/_step-by-step-related.scss]
Started [Delete app/assets/sass/patterns/_step-by-step-header.scss]
Started [Delete app/assets/sass/patterns/_task-list.scss]
Started [Delete app/assets/sass/patterns/_step-by-step-nav.scss]
Succeeded [Deleted files that are no longer needed]
Failed [Delete app/assets/sass/patterns/_task-list.scss]
Found [// Add your routes here - above the module.exports line] in [/Users/kumar.thangavel/projects/hmpps-interventions-prototype/app/routes.js, replacing
Keeping these lines from old file
Found [// Add extra styles here, or re-organise the Sass files in whichever way makes most sense to you] in [/Users/kumar.thangavel/projects/hmpps-interventions-prototype/app/assets/sass/application.scss, replacing
Succeeded [Delete app/assets/images/unbranded.ico]
Keeping these lines from old file
Succeeded [Delete app/assets/images/separator.png]
Succeeded [Delete app/assets/javascripts/auto-store-data.js]
Succeeded [Delete app/assets/sass/unbranded.scss]
Succeeded [Delete app/assets/images/separator-2x.png]
Succeeded [Delete app/assets/javascripts/jquery-1.11.3.js]
Succeeded [Delete app/views/includes/breadcrumb_examples.html]
Succeeded [Delete app/views/layout_unbranded.html]
Succeeded [Delete app/assets/sass/patterns/_related-items.scss]
Succeeded [Delete app/views/includes/cookie-banner.html]
Succeeded [Delete app/assets/sass/patterns/_step-by-step-header.scss]
Succeeded [Delete app/assets/sass/patterns/_step-by-step-related.scss]
Succeeded [Delete app/assets/sass/patterns/_step-by-step-nav.scss]
Succeeded [Remove unused directory gulp]
Succeeded [Update application SCSS file]
// ,// For guidance on how to create routes see:,// https://prototype-kit.service.gov.uk/docs/create-routes,// ,,const govukPrototypeKit = require('govuk-prototype-kit'),const router = govukPrototypeKit.requests.setupRouter(),,// Add your routes here,,,module.exports = router;,
Found [module.exports = router;,module.exports = router] in [/Users/kumar.thangavel/projects/hmpps-interventions-prototype/app/routes.js, removing
Succeeded [Remove unused directory lib]
Succeeded [Update routes file]
Succeeded [Remove unused directory docs]
Succeeded [Deleted directories that are no longer needed]
Started [Remove old pattern includes from application SCSS file]
Succeeded [Remove old pattern includes from application SCSS file]
Started [Remove empty directory /app/assets/sass/patterns]
Started [Remove empty directory /app/assets/images]
Started [Remove empty directory /app/views/includes]
Skipped deleting /app/assets/images
Skipped deleting /app/assets/sass/patterns
Skipped deleting /app/views/includes
